Removed Pin From Net: NetName=GND Pin=U1-3
Removed Pin From Net: NetName=GND Pin=U1-3
Removed Pin From Net: NetName=+5.0V Pin=U1-4
Removed Member From Class: ClassName=sheet1 Member=U?
Change Component Footprint: Designator=C1 Old Footprint=CAP_SMD_6_3MM New Footprint=CAP_SMD_7343
Change Component Footprint: Designator=C2 Old Footprint=CAP_SMD_6_3MM New Footprint=CAP_SMD_7343
Change Component Footprint: Designator=U1 Old Footprint=LM2576_SMD New Footprint=SOP8
Change Component Comment : Designator=C1 Old Comment=100uF New Comment=Cap Pol
Change Component Comment : Designator=C2 Old Comment=100uF New Comment=Cap Pol
Change Component Comment : Designator=D2 Old Comment=Diode Schottky New Comment=SS34
Change Component Comment : Designator=U1 Old Comment=LM2576-5.0V New Comment=XL1509
Change Component Designator: OldDesignator=J? NewDesignator=J3
Change Component Designator: OldDesignator=U7 NewDesignator=U8
Change Component Designator: OldDesignator=U? NewDesignator=U7
Change component parameters: Designator = "L1"; Footprint = "L-0805"; UniqueID = "\YMAACOEX"
Change component parameters. Clean all parameters for all variants
Change component parameters (AddParameter): Name = "Code_IEC"; Value = "1005"; VariantName = "[No Variations]"
Change component parameters (AddParameter): Name = "Code_JEITA"; Value = "0402"; VariantName = "[No Variations]"
Change component parameters (AddParameter): Name = "LatestRevisionDate"; Value = "17-Jul-2002"; VariantName = "[No Variations]"
Change component parameters (AddParameter): Name = "LatestRevisionNote"; Value = "Re-released for DXP Platform."; VariantName = "[No Variations]"
Change component parameters (AddParameter): Name = "PackageReference"; Value = "0402-A"; VariantName = "[No Variations]"
Change component parameters (AddParameter): Name = "Published"; Value = "8-Jun-2000"; VariantName = "[No Variations]"
Change component parameters (AddParameter): Name = "Publisher"; Value = "Altium Limited"; VariantName = "[No Variations]"
Change component parameters (AddParameter): Name = "Value"; Value = "68uH"; VariantName = "[No Variations]"
Change component parameters: Designator = "U1"; Footprint = "SOP8"; UniqueID = "\EKFKGARH"
Change component parameters. Clean all parameters for all variants
Change component parameters: Designator = "C1"; Footprint = "CAP_SMD_7343"; UniqueID = "\UAVRNDHJ"
Change component parameters. Clean all parameters for all variants
Change component parameters (AddParameter): Name = "LatestRevisionNote"; Value = "Re-released for DXP Platform."; VariantName = "[No Variations]"
Change component parameters (AddParameter): Name = "PackageReference"; Value = "POLAR0.8"; VariantName = "[No Variations]"
Change component parameters (AddParameter): Name = "Publisher"; Value = "Altium Limited"; VariantName = "[No Variations]"
Change component parameters (AddParameter): Name = "Value"; Value = "220u"; VariantName = "[No Variations]"
Change component parameters: Designator = "C2"; Footprint = "CAP_SMD_7343"; UniqueID = "\MWQOHLAA"
Change component parameters. Clean all parameters for all variants
Change component parameters (AddParameter): Name = "LatestRevisionNote"; Value = "Re-released for DXP Platform."; VariantName = "[No Variations]"
Change component parameters (AddParameter): Name = "PackageReference"; Value = "POLAR0.8"; VariantName = "[No Variations]"
Change component parameters (AddParameter): Name = "Publisher"; Value = "Altium Limited"; VariantName = "[No Variations]"
Change component parameters (AddParameter): Name = "Value"; Value = "220u"; VariantName = "[No Variations]"
Added Pin To Net: NetName=+5.0V Pin=U1-3
Added Pin To Net: NetName=GND Pin=U1-4
Added Pin To Net: NetName=GND Pin=U1-6
Added Pin To Net: NetName=GND Pin=U1-7
Added Pin To Net: NetName=GND Pin=U1-8
Added Member To Class: ClassName=sheet1 Member=Component U8 Heart rate & SpO2
Added Room: Name=sheet1
